<?xml version="1.0" encoding="UTF-8"?>
<!-- Generated by org.testng.reporters.JUnitXMLReporter -->
<testsuite ignored="0" hostname="LAPTOP-AG6F347P" failures="0" tests="3" name="Default test" time="11.592" errors="0" timestamp="06 Jul 2022 03:15:56 GMT">
  <testcase classname="LoginPageTest" name="loginPageNavigationTest" time="0.57"/>
  <testcase classname="LoginPageTest" name="forgotPwdLinkExistTest" time="0.104"/>
  <testcase classname="LoginPageTest" name="appLoginTest" time="0.851"/>
</testsuite> <!-- Default test -->
