<?xml version="1.0" encoding="UTF-8"?>
<!-- Generated by org.testng.reporters.JUnitXMLReporter -->
<testsuite ignored="0" hostname="LAPTOP-AG6F347P" failures="0" tests="5" name="Open Cart Home Page Test" time="23.04" errors="0" timestamp="21 Oct 2022 23:22:07 GMT">
  <testcase classname="com.qa.opencart.tests.HomePageTest" name="homePageTitleTest" time="0.02"/>
  <testcase classname="com.qa.opencart.tests.HomePageTest" name="homePageURLTest" time="0.002"/>
  <testcase classname="com.qa.opencart.tests.HomePageTest" name="searchtest" time="1.675"/>
  <testcase classname="com.qa.opencart.tests.HomePageTest" name="searchtest" time="1.696"/>
  <testcase classname="com.qa.opencart.tests.HomePageTest" name="searchtest" time="1.023"/>
</testsuite> <!-- Open Cart Home Page Test -->
