<?xml version="1.0" encoding="UTF-8"?>
<!-- Generated by org.testng.reporters.JUnitXMLReporter -->
<testsuite ignored="0" hostname="LAPTOP-AG6F347P" failures="0" tests="5" name="Open Cart Home Page Test" time="11.557" errors="0" timestamp="26 Jun 2022 17:59:25 GMT">
  <testcase classname="com.qa.opencart.tests.HomePageTest" name="homePageTitleTest" time="0.013"/>
  <testcase classname="com.qa.opencart.tests.HomePageTest" name="homePageURLTest" time="0.001"/>
  <testcase classname="com.qa.opencart.tests.HomePageTest" name="searchtest" time="0.841"/>
  <testcase classname="com.qa.opencart.tests.HomePageTest" name="searchtest" time="0.748"/>
  <testcase classname="com.qa.opencart.tests.HomePageTest" name="searchtest" time="0.712"/>
</testsuite> <!-- Open Cart Home Page Test -->
