<?xml version="1.0" encoding="UTF-8"?>
<testng-results ignored="0" total="5" passed="5" failed="0" skipped="0">
  <reporter-output>
  </reporter-output>
  <suite started-at="2022-06-26T17:59:13Z" name="Open Cart Test Regression PW Suite" finished-at="2022-06-26T17:59:25Z" duration-ms="11557">
    <groups>
    </groups>
    <test started-at="2022-06-26T17:59:13Z" name="Open Cart Home Page Test" finished-at="2022-06-26T17:59:25Z" duration-ms="11557">
      <class name="com.qa.opencart.tests.HomePageTest">
        <test-method is-config="true" signature="setUp()[pri:0, instance:com.qa.opencart.tests.HomePageTest@3c153a1]" started-at="2022-06-26T17:59:13Z" name="setUp" finished-at="2022-06-26T17:59:22Z" duration-ms="9155" status="PASS">
          <reporter-output>
          </reporter-output>
        </test-method> <!-- setUp -->
        <test-method signature="homePageTitleTest()[pri:0, instance:com.qa.opencart.tests.HomePageTest@3c153a1]" started-at="2022-06-26T17:59:22Z" name="homePageTitleTest" finished-at="2022-06-26T17:59:22Z" duration-ms="13" status="PASS">
          <reporter-output>
          </reporter-output>
        </test-method> <!-- homePageTitleTest -->
        <test-method signature="homePageURLTest()[pri:0, instance:com.qa.opencart.tests.HomePageTest@3c153a1]" started-at="2022-06-26T17:59:22Z" name="homePageURLTest" finished-at="2022-06-26T17:59:22Z" duration-ms="1" status="PASS">
          <reporter-output>
          </reporter-output>
        </test-method> <!-- homePageURLTest -->
        <test-method signature="searchtest(java.lang.String)[pri:0, instance:com.qa.opencart.tests.HomePageTest@3c153a1]" started-at="2022-06-26T17:59:22Z" name="searchtest" data-provider="getProductData" finished-at="2022-06-26T17:59:23Z" duration-ms="841" status="PASS">
          <params>
            <param index="0">
              <value>
                <![CDATA[Macbook]]>
              </value>
            </param>
          </params>
          <reporter-output>
          </reporter-output>
        </test-method> <!-- searchtest -->
        <test-method signature="searchtest(java.lang.String)[pri:0, instance:com.qa.opencart.tests.HomePageTest@3c153a1]" started-at="2022-06-26T17:59:23Z" name="searchtest" data-provider="getProductData" finished-at="2022-06-26T17:59:24Z" duration-ms="748" status="PASS">
          <params>
            <param index="0">
              <value>
                <![CDATA[iMac]]>
              </value>
            </param>
          </params>
          <reporter-output>
          </reporter-output>
        </test-method> <!-- searchtest -->
        <test-method signature="searchtest(java.lang.String)[pri:0, instance:com.qa.opencart.tests.HomePageTest@3c153a1]" started-at="2022-06-26T17:59:24Z" name="searchtest" data-provider="getProductData" finished-at="2022-06-26T17:59:25Z" duration-ms="712" status="PASS">
          <params>
            <param index="0">
              <value>
                <![CDATA[Samsung]]>
              </value>
            </param>
          </params>
          <reporter-output>
          </reporter-output>
        </test-method> <!-- searchtest -->
        <test-method is-config="true" signature="tearDown()[pri:0, instance:com.qa.opencart.tests.HomePageTest@3c153a1]" started-at="2022-06-26T17:59:25Z" name="tearDown" finished-at="2022-06-26T17:59:25Z" duration-ms="65" status="PASS">
          <reporter-output>
          </reporter-output>
        </test-method> <!-- tearDown -->
      </class> <!-- com.qa.opencart.tests.HomePageTest -->
    </test> <!-- Open Cart Home Page Test -->
  </suite> <!-- Open Cart Test Regression PW Suite -->
</testng-results>
